<?xml version="1.0" encoding="UTF-8"?>
<testsuite name="com.rockysingh.config.list.ApplicationTests" tests="1" skipped="0" failures="0" errors="0" timestamp="2016-05-07T12:10:20" hostname="MacBook-Pro-2.local" time="0.001">
  <properties/>
  <testcase name="contextLoads" classname="com.rockysingh.config.list.ApplicationTests" time="0.001"/>
  <system-out><![CDATA[13:10:20.186 [Test worker] DEBUG o.s.t.c.j.SpringJUnit4ClassRunner - SpringJUnit4ClassRunner constructor called with [class com.rockysingh.config.list.ApplicationTests]
13:10:20.194 [Test worker] DEBUG o.s.test.context.BootstrapUtils - Instantiating TestContextBootstrapper from class [org.springframework.test.context.support.DefaultTestContextBootstrapper]
13:10:20.205 [Test worker] DEBUG o.s.t.c.s.DefaultTestContextBootstrapper - Found explicit ContextLoader class [org.springframework.boot.test.SpringApplicationContextLoader] for context configuration attributes [ContextConfigurationAttributes@e3b5ee7 declaringClass = 'com.rockysingh.config.list.ApplicationTests', classes = '{class com.rockysingh.config.list.Application}', locations = '{}', inheritLocations = true, initializers = '{}', inheritInitializers = true, name = [null], contextLoaderClass = 'org.springframework.boot.test.SpringApplicationContextLoader']
13:10:20.209 [Test worker] DEBUG o.s.t.c.support.ActiveProfilesUtils - Could not find an 'annotation declaring class' for annotation type [org.springframework.test.context.ActiveProfiles] and class [com.rockysingh.config.list.ApplicationTests]
13:10:20.212 [Test worker] DEBUG o.s.t.c.s.DefaultTestContextBootstrapper - @TestExecutionListeners is not present for class [com.rockysingh.config.list.ApplicationTests]: using defaults.
13:10:20.218 [Test worker] INFO  o.s.t.c.s.DefaultTestContextBootstrapper - Loaded default TestExecutionListener class names from location [META-INF/spring.factories]: [org.springframework.test.context.web.ServletTestExecutionListener, org.springframework.test.context.support.DependencyInjectionTestExecutionListener, org.springframework.test.context.support.DirtiesContextTestExecutionListener, org.springframework.test.context.transaction.TransactionalTestExecutionListener, org.springframework.test.context.jdbc.SqlScriptsTestExecutionListener]
13:10:20.221 [Test worker] INFO  o.s.t.c.s.DefaultTestContextBootstrapper - Could not instantiate TestExecutionListener [org.springframework.test.context.web.ServletTestExecutionListener]. Specify custom listener classes or make the default listener classes (and their required dependencies) available. Offending class: [javax/servlet/ServletContext]
13:10:20.222 [Test worker] INFO  o.s.t.c.s.DefaultTestContextBootstrapper - Could not instantiate TestExecutionListener [org.springframework.test.context.transaction.TransactionalTestExecutionListener]. Specify custom listener classes or make the default listener classes (and their required dependencies) available. Offending class: [org/springframework/transaction/interceptor/TransactionAttributeSource]
13:10:20.223 [Test worker] INFO  o.s.t.c.s.DefaultTestContextBootstrapper - Could not instantiate TestExecutionListener [org.springframework.test.context.jdbc.SqlScriptsTestExecutionListener]. Specify custom listener classes or make the default listener classes (and their required dependencies) available. Offending class: [org/springframework/transaction/interceptor/TransactionAttribute]
13:10:20.225 [Test worker] INFO  o.s.t.c.s.DefaultTestContextBootstrapper - Using TestExecutionListeners: [org.springframework.test.context.support.DependencyInjectionTestExecutionListener@53060308, org.springframework.test.context.support.DirtiesContextTestExecutionListener@5b296457]
13:10:20.227 [Test worker] DEBUG o.s.t.annotation.ProfileValueUtils - Retrieved @ProfileValueSourceConfiguration [null] for test class [com.rockysingh.config.list.ApplicationTests]
13:10:20.227 [Test worker] DEBUG o.s.t.annotation.ProfileValueUtils - Retrieved ProfileValueSource type [class org.springframework.test.annotation.SystemProfileValueSource] for class [com.rockysingh.config.list.ApplicationTests]
13:10:20.228 [Test worker] DEBUG o.s.t.annotation.ProfileValueUtils - Retrieved @ProfileValueSourceConfiguration [null] for test class [com.rockysingh.config.list.ApplicationTests]
13:10:20.228 [Test worker] DEBUG o.s.t.annotation.ProfileValueUtils - Retrieved ProfileValueSource type [class org.springframework.test.annotation.SystemProfileValueSource] for class [com.rockysingh.config.list.ApplicationTests]
13:10:20.230 [Test worker] DEBUG o.s.t.annotation.ProfileValueUtils - Retrieved @ProfileValueSourceConfiguration [null] for test class [com.rockysingh.config.list.ApplicationTests]
13:10:20.230 [Test worker] DEBUG o.s.t.annotation.ProfileValueUtils - Retrieved ProfileValueSource type [class org.springframework.test.annotation.SystemProfileValueSource] for class [com.rockysingh.config.list.ApplicationTests]
13:10:20.231 [Test worker] DEBUG o.s.t.c.s.DependencyInjectionTestExecutionListener - Performing dependency injection for test context [[DefaultTestContext@200b0741 testClass = ApplicationTests, testInstance = com.rockysingh.config.list.ApplicationTests@771a4303, testMethod = [null], testException = [null], mergedContextConfiguration = [MergedContextConfiguration@42c1d201 testClass = ApplicationTests, locations = '{}', classes = '{class com.rockysingh.config.list.Application}', contextInitializerClasses = '[]', activeProfiles = '{}', propertySourceLocations = '{}', propertySourceProperties = '{}', contextLoader = 'org.springframework.boot.test.SpringApplicationContextLoader', parent = [null]]]].
13:10:20.275 [Test worker] DEBUG o.s.core.env.StandardEnvironment - Adding [systemProperties] PropertySource with lowest search precedence
13:10:20.276 [Test worker] DEBUG o.s.core.env.StandardEnvironment - Adding [systemEnvironment] PropertySource with lowest search precedence
13:10:20.276 [Test worker] DEBUG o.s.core.env.StandardEnvironment - Initialized StandardEnvironment with PropertySources [systemProperties,systemEnvironment]
13:10:20.277 [Test worker] DEBUG o.s.core.env.StandardEnvironment - Adding [integrationTest] PropertySource with search precedence immediately lower than [systemEnvironment]

  .   ____          _            __ _ _
 /\\ / ___'_ __ _ _(_)_ __  __ _ \ \ \ \
( ( )\___ | '_ | '_| | '_ \/ _` | \ \ \ \
 \\/  ___)| |_)| | | | | || (_| |  ) ) ) )
  '  |____| .__|_| |_|_| |_\__, | / / / /
 =========|_|==============|___/=/_/_/_/
 :: Spring Boot ::        (v1.2.8.RELEASE)

2016-05-07 13:10:20.461  INFO 16350 --- [    Test worker] c.r.config.list.ApplicationTests         : Starting ApplicationTests on MacBook-Pro-2.local with PID 16350 (/Users/rocky/Documents/projects/config-list/build/classes/test started by rocky in /Users/rocky/Documents/projects/config-list)
2016-05-07 13:10:20.486  INFO 16350 --- [    Test worker] s.c.a.AnnotationConfigApplicationContext : Refreshing org.springframework.context.annotation.AnnotationConfigApplicationContext@4039bf5: startup date [Sat May 07 13:10:20 BST 2016]; root of context hierarchy
2016-05-07 13:10:20.793  INFO 16350 --- [    Test worker] c.r.config.list.ApplicationTests         : Started ApplicationTests in 0.513 seconds (JVM running for 1.139)
]]></system-out>
  <system-err><![CDATA[]]></system-err>
</testsuite>
